INFO user=ravi action=login
ERROR user=meera action=payment
INFO user=arjun action=view
WARN user=diya action=timeout
INFO user=ravi action=view
INFO user=meera action=logout
ERROR user=arjun action=payment
INFO user=diya action=login
WARN user=ravi action=timeout
INFO user=arjun action=view
INFO user=meera action=view
ERROR user=diya action=payment
INFO user=ravi action=logout
WARN user=arjun action=timeout
INFO user=diya action=view
INFO user=ravi action=login
ERROR user=meera action=payment
INFO user=arjun action=logout
WARN user=diya action=timeout
INFO user=diya action=view
INFO user=arjun action=logout
WARN user=ravi action=timeout
INFO user=ravi action=view
WARN user=arjun action=timeout
INFO user=ravi action=view